Using pre-set license
Built from '2020.3/staging' branch; Version is '2020.3.8f1 (507919d4fff5) revision 5273881'; Using compiler version '192528614'; Build Type 'Release'
OS: 'Windows 10 Home; OS build 17134.1304; Version 1803; 64bit' Language: 'en' Physical Memory: 16229 MB
BatchMode: 1, IsHumanControllingUs: 0, StartBugReporterOnCrash: 0, Is64bit: 1, IsPro: 0

 COMMAND LINE ARGUMENTS:
C:\Program Files\Unity\Hub\Editor\2020.3.8f1\Editor\Unity.exe
-adb2
-batchMode
-noUpm
-name
AssetImportWorker0
-projectPath
C:/Code/MindZone
-logFile
Logs/AssetImportWorker0.log
-srvPort
59056
Successfully changed project path to: C:/Code/MindZone
C:/Code/MindZone
Using Asset Import Pipeline V2.
Refreshing native plugins compatible for Editor in 26.50 ms, found 0 plugins.
Preloading 0 native plugins for Editor in 0.00 ms.
Initialize engine version: 2020.3.8f1 (507919d4fff5)
[Subsystems] Discovering subsystems at path C:/Program Files/Unity/Hub/Editor/2020.3.8f1/Editor/Data/Resources/UnitySubsystems
[Subsystems] Discovering subsystems at path C:/Code/MindZone/Assets
GfxDevice: creating device client; threaded=0
Direct3D:
    Version:  Direct3D 11.0 [level 11.1]
    Renderer: NVIDIA GeForce MX250 (ID=0x1d52)
    Vendor:   
    VRAM:     1983 MB
    Driver:   25.21.14.1971
Initialize mono
Mono path[0] = 'C:/Program Files/Unity/Hub/Editor/2020.3.8f1/Editor/Data/Managed'
Mono path[1] = 'C:/Program Files/Unity/Hub/Editor/2020.3.8f1/Editor/Data/MonoBleedingEdge/lib/mono/unityjit'
Mono config path = 'C:/Program Files/Unity/Hub/Editor/2020.3.8f1/Editor/Data/MonoBleedingEdge/etc'
Using monoOptions --debugger-agent=transport=dt_socket,embedding=1,server=y,suspend=n,address=127.0.0.1:56192
Begin MonoManager ReloadAssembly
Registering precompiled unity dll's ...
Register platform support module: C:/Program Files/Unity/Hub/Editor/2020.3.8f1/Editor/Data/PlaybackEngines/WindowsStandaloneSupport/UnityEditor.WindowsStandalone.Extensions.dll
Registered in 0.001429 seconds.
Native extension for WindowsStandalone target not found
Refreshing native plugins compatible for Editor in 21.51 ms, found 0 plugins.
Preloading 0 native plugins for Editor in 0.00 ms.
Mono: successfully reloaded assembly
- Completed reload, in  0.971 seconds
Platform modules already initialized, skipping
Registering precompiled user dll's ...
Registered in 0.001944 seconds.
Begin MonoManager ReloadAssembly
Native extension for WindowsStandalone target not found
Refreshing native plugins compatible for Editor in 0.32 ms, found 0 plugins.
Preloading 0 native plugins for Editor in 0.00 ms.
Mono: successfully reloaded assembly
- Completed reload, in  0.703 seconds
Platform modules already initialized, skipping
========================================================================
Worker process is ready to serve import requests
Launched and connected shader compiler UnityShaderCompiler.exe after 0.05 seconds
Refreshing native plugins compatible for Editor in 0.33 ms, found 0 plugins.
Preloading 0 native plugins for Editor in 0.00 ms.
Unloading 1158 Unused Serialized files (Serialized files now loaded: 0)
System memory in use before: 65.3 MB.
System memory in use after: 65.4 MB.

Unloading 11 unused Assets to reduce memory usage. Loaded Objects now: 1617.
Total: 1.732884 ms (FindLiveObjects: 0.148048 ms CreateObjectMapping: 0.034442 ms MarkObjects: 1.531374 ms  DeleteObjects: 0.017992 ms)

========================================================================
Received Import Request.
  path: Assets/Scripts/Management/GameManager.cs
  artifactKey: Guid(25876f649015a20d5b1a8bff790ebfae) Importer(815301076,1909f56bfc062723c751e8b465ee728b)
Start importing Assets/Scripts/Management/GameManager.cs using Guid(25876f649015a20d5b1a8bff790ebfae) Importer(815301076,1909f56bfc062723c751e8b465ee728b)  -> (artifact id: '8e955ef9208a44c1019f6dafa677d739') in 0.023454 seconds
  Import took 0.029779 seconds .

========================================================================
Received Import Request.
  Time since last request: 0.000314 seconds.
  path: Assets/Scripts/Management/ButtonManager.cs
  artifactKey: Guid(b81b58ee72119f3da970e1d4d22184ef) Importer(815301076,1909f56bfc062723c751e8b465ee728b)
Start importing Assets/Scripts/Management/ButtonManager.cs using Guid(b81b58ee72119f3da970e1d4d22184ef) Importer(815301076,1909f56bfc062723c751e8b465ee728b)  -> (artifact id: '85161a578f7e0d77cd0b67b1c865b778') in 0.008342 seconds
  Import took 0.011250 seconds .

========================================================================
Received Import Request.
  Time since last request: 12.896604 seconds.
  path: Assets/Scripts/Management/Spawner.cs
  artifactKey: Guid(45386f8b9049911888684ecced14490d) Importer(815301076,1909f56bfc062723c751e8b465ee728b)
Start importing Assets/Scripts/Management/Spawner.cs using Guid(45386f8b9049911888684ecced14490d) Importer(815301076,1909f56bfc062723c751e8b465ee728b)  -> (artifact id: '975a6c57565b743a98b07ca4f4d83153') in 0.007392 seconds
  Import took 0.010516 seconds .

========================================================================
Received Import Request.
  Time since last request: 1.254480 seconds.
  path: Assets/Scripts/Enemy/Behaviour_Tree/Node.cs
  artifactKey: Guid(7c59bd00d7c818341b76c9db6504560d) Importer(815301076,1909f56bfc062723c751e8b465ee728b)
Start importing Assets/Scripts/Enemy/Behaviour_Tree/Node.cs using Guid(7c59bd00d7c818341b76c9db6504560d) Importer(815301076,1909f56bfc062723c751e8b465ee728b)  -> (artifact id: 'e844da060efdb7b1052f65d22066d2ad') in 0.024885 seconds
  Import took 0.027466 seconds .

========================================================================
Received Import Request.
  Time since last request: 0.890931 seconds.
  path: Assets/Scripts/Cortex/CortexFacade.cs
  artifactKey: Guid(0cbbf8fa68be1f64cb40da8bb9cbdde1) Importer(815301076,1909f56bfc062723c751e8b465ee728b)
Start importing Assets/Scripts/Cortex/CortexFacade.cs using Guid(0cbbf8fa68be1f64cb40da8bb9cbdde1) Importer(815301076,1909f56bfc062723c751e8b465ee728b)  -> (artifact id: 'af423258a4a3493a45c757abf2461481') in 0.007287 seconds
  Import took 0.019683 seconds .

========================================================================
Received Import Request.
  Time since last request: 0.403811 seconds.
  path: Assets/Scripts/Enemy/Behaviour_Tree/CreatureBehaviour.cs
  artifactKey: Guid(b013f664c91c84d4db7c5667533b5e35) Importer(815301076,1909f56bfc062723c751e8b465ee728b)
Start importing Assets/Scripts/Enemy/Behaviour_Tree/CreatureBehaviour.cs using Guid(b013f664c91c84d4db7c5667533b5e35) Importer(815301076,1909f56bfc062723c751e8b465ee728b)  -> (artifact id: '6212b85ef1aa639b3bf9ddfb18dd1825') in 0.007308 seconds
  Import took 0.019609 seconds .

========================================================================
Received Import Request.
  Time since last request: 0.388422 seconds.
  path: Assets/Scripts/Enemy/Behaviour_Tree/Sequence.cs
  artifactKey: Guid(4e7c069148ab90e4e95ef8fc9e221d40) Importer(815301076,1909f56bfc062723c751e8b465ee728b)
Start importing Assets/Scripts/Enemy/Behaviour_Tree/Sequence.cs using Guid(4e7c069148ab90e4e95ef8fc9e221d40) Importer(815301076,1909f56bfc062723c751e8b465ee728b)  -> (artifact id: '299e606599c2f5c469f6dfb43df1788a') in 0.008676 seconds
  Import took 0.011466 seconds .

========================================================================
Received Import Request.
  Time since last request: 0.002174 seconds.
  path: Assets/Scripts/Enemy/Behaviour_Tree/Sequence.cs
  artifactKey: Guid(4e7c069148ab90e4e95ef8fc9e221d40) Importer(815301076,1909f56bfc062723c751e8b465ee728b)
Start importing Assets/Scripts/Enemy/Behaviour_Tree/Sequence.cs using Guid(4e7c069148ab90e4e95ef8fc9e221d40) Importer(815301076,1909f56bfc062723c751e8b465ee728b)  -> (artifact id: '299e606599c2f5c469f6dfb43df1788a') in 0.002554 seconds
  Import took 0.004602 seconds .

========================================================================
Received Import Request.
  Time since last request: 0.664427 seconds.
  path: Assets/Scripts/Enemy/Finite_State_Machine
  artifactKey: Guid(5ba93512d32b9fe4d87a3634f61c9ba9) Importer(815301076,1909f56bfc062723c751e8b465ee728b)
Start importing Assets/Scripts/Enemy/Finite_State_Machine using Guid(5ba93512d32b9fe4d87a3634f61c9ba9) Importer(815301076,1909f56bfc062723c751e8b465ee728b)  -> (artifact id: 'e5a23bcef51c565c32e46f2da2c4d35e') in 0.008671 seconds
  Import took 0.021132 seconds .

========================================================================
Received Import Request.
  Time since last request: 2724.506642 seconds.
  path: Assets/Scripts/Enemy/Behaviour_Tree/Selector.cs
  artifactKey: Guid(93abb9dfd655da8498722e6d19055dd9) Importer(815301076,1909f56bfc062723c751e8b465ee728b)
Start importing Assets/Scripts/Enemy/Behaviour_Tree/Selector.cs using Guid(93abb9dfd655da8498722e6d19055dd9) Importer(815301076,1909f56bfc062723c751e8b465ee728b)  -> (artifact id: '9c0e3321ea04db0e6c9ac52c58bfd21f') in 0.007646 seconds
  Import took 0.011327 seconds .

========================================================================
Received Import Request.
  Time since last request: 0.032213 seconds.
  path: Assets/Scripts/Enemy/Behaviour_Tree/Selector.cs
  artifactKey: Guid(93abb9dfd655da8498722e6d19055dd9) Importer(815301076,1909f56bfc062723c751e8b465ee728b)
Start importing Assets/Scripts/Enemy/Behaviour_Tree/Selector.cs using Guid(93abb9dfd655da8498722e6d19055dd9) Importer(815301076,1909f56bfc062723c751e8b465ee728b)  -> (artifact id: '9c0e3321ea04db0e6c9ac52c58bfd21f') in 0.002619 seconds
  Import took 0.004728 seconds .

========================================================================
Received Import Request.
  Time since last request: 1.365307 seconds.
  path: Assets/Scripts/Enemy/Behaviour_Tree/CreatureController.cs
  artifactKey: Guid(35a375b014a0cd440808c98c9da58749) Importer(815301076,1909f56bfc062723c751e8b465ee728b)
Start importing Assets/Scripts/Enemy/Behaviour_Tree/CreatureController.cs using Guid(35a375b014a0cd440808c98c9da58749) Importer(815301076,1909f56bfc062723c751e8b465ee728b)  -> (artifact id: '6aa026814687df5c3d45d9dc63dd8278') in 0.017049 seconds
  Import took 0.019376 seconds .

========================================================================
Received Import Request.
  Time since last request: 179.974017 seconds.
  path: Assets/Scripts/Enemy/Target.cs
  artifactKey: Guid(b65260c0381908bc98771021963a7469) Importer(815301076,1909f56bfc062723c751e8b465ee728b)
Start importing Assets/Scripts/Enemy/Target.cs using Guid(b65260c0381908bc98771021963a7469) Importer(815301076,1909f56bfc062723c751e8b465ee728b)  -> (artifact id: 'ddcddf68863fbb426518b9dbf8e59a81') in 0.009191 seconds
  Import took 0.021785 seconds .

========================================================================
Received Prepare
Registering precompiled user dll's ...
Registered in 0.001955 seconds.
Begin MonoManager ReloadAssembly
Native extension for WindowsStandalone target not found
Refreshing native plugins compatible for Editor in 0.26 ms, found 0 plugins.
Preloading 0 native plugins for Editor in 0.00 ms.
Mono: successfully reloaded assembly
- Completed reload, in  0.683 seconds
Platform modules already initialized, skipping
Refreshing native plugins compatible for Editor in 0.28 ms, found 0 plugins.
Preloading 0 native plugins for Editor in 0.00 ms.
Unloading 1153 Unused Serialized files (Serialized files now loaded: 0)
System memory in use before: 65.3 MB.
System memory in use after: 65.4 MB.

Unloading 7 unused Assets to reduce memory usage. Loaded Objects now: 1620.
Total: 1.736482 ms (FindLiveObjects: 0.151647 ms CreateObjectMapping: 0.036498 ms MarkObjects: 1.532402 ms  DeleteObjects: 0.014394 ms)

========================================================================
Received Import Request.
  Time since last request: 201.345283 seconds.
  path: Assets/_Scenes/cor.unity
  artifactKey: Guid(0a8b3334760d61b4f992815dacb0e586) Importer(815301076,1909f56bfc062723c751e8b465ee728b)
Start importing Assets/_Scenes/cor.unity using Guid(0a8b3334760d61b4f992815dacb0e586) Importer(815301076,1909f56bfc062723c751e8b465ee728b)  -> (artifact id: 'c68a3e2cb820930d0081c198a01dd5ce') in 0.037371 seconds
  Import took 0.039426 seconds .

========================================================================
Received Prepare
Registering precompiled user dll's ...
Registered in 0.022022 seconds.
Begin MonoManager ReloadAssembly
Native extension for WindowsStandalone target not found
Refreshing native plugins compatible for Editor in 1.50 ms, found 0 plugins.
Preloading 0 native plugins for Editor in 0.00 ms.
Mono: successfully reloaded assembly
- Completed reload, in  7.016 seconds
Platform modules already initialized, skipping
Refreshing native plugins compatible for Editor in 1.18 ms, found 0 plugins.
Preloading 0 native plugins for Editor in 0.00 ms.
Unloading 1153 Unused Serialized files (Serialized files now loaded: 0)
System memory in use before: 65.3 MB.
System memory in use after: 65.4 MB.

Unloading 7 unused Assets to reduce memory usage. Loaded Objects now: 1623.
Total: 11.447521 ms (FindLiveObjects: 0.671872 ms CreateObjectMapping: 0.273478 ms MarkObjects: 10.387537 ms  DeleteObjects: 0.105382 ms)

========================================================================
Received Prepare
Registering precompiled user dll's ...
Registered in 0.006513 seconds.
Begin MonoManager ReloadAssembly
Native extension for WindowsStandalone target not found
Refreshing native plugins compatible for Editor in 0.93 ms, found 0 plugins.
Preloading 0 native plugins for Editor in 0.00 ms.
Mono: successfully reloaded assembly
- Completed reload, in  5.129 seconds
Platform modules already initialized, skipping
Refreshing native plugins compatible for Editor in 0.73 ms, found 0 plugins.
Preloading 0 native plugins for Editor in 0.00 ms.
Unloading 1153 Unused Serialized files (Serialized files now loaded: 0)
System memory in use before: 65.3 MB.
System memory in use after: 65.4 MB.

Unloading 7 unused Assets to reduce memory usage. Loaded Objects now: 1626.
Total: 4.976066 ms (FindLiveObjects: 0.397366 ms CreateObjectMapping: 0.118233 ms MarkObjects: 4.411118 ms  DeleteObjects: 0.045237 ms)

========================================================================
Received Prepare
Registering precompiled user dll's ...
Registered in 0.025333 seconds.
Begin MonoManager ReloadAssembly
Native extension for WindowsStandalone target not found
Refreshing native plugins compatible for Editor in 1.87 ms, found 0 plugins.
Preloading 0 native plugins for Editor in 0.00 ms.
Mono: successfully reloaded assembly
- Completed reload, in  6.930 seconds
Platform modules already initialized, skipping
Refreshing native plugins compatible for Editor in 1.17 ms, found 0 plugins.
Preloading 0 native plugins for Editor in 0.00 ms.
Unloading 1153 Unused Serialized files (Serialized files now loaded: 0)
System memory in use before: 65.3 MB.
System memory in use after: 65.4 MB.

Unloading 7 unused Assets to reduce memory usage. Loaded Objects now: 1629.
Total: 9.687392 ms (FindLiveObjects: 0.540787 ms CreateObjectMapping: 0.317687 ms MarkObjects: 8.742556 ms  DeleteObjects: 0.079679 ms)

========================================================================
Received Prepare
Registering precompiled user dll's ...
Registered in 0.003240 seconds.
Begin MonoManager ReloadAssembly
Native extension for WindowsStandalone target not found
Refreshing native plugins compatible for Editor in 0.24 ms, found 0 plugins.
Preloading 0 native plugins for Editor in 0.00 ms.
Mono: successfully reloaded assembly
- Completed reload, in  0.719 seconds
Platform modules already initialized, skipping
Refreshing native plugins compatible for Editor in 0.49 ms, found 0 plugins.
Preloading 0 native plugins for Editor in 0.00 ms.
Unloading 1153 Unused Serialized files (Serialized files now loaded: 0)
System memory in use before: 65.3 MB.
System memory in use after: 65.4 MB.

Unloading 7 unused Assets to reduce memory usage. Loaded Objects now: 1632.
Total: 1.467631 ms (FindLiveObjects: 0.129028 ms CreateObjectMapping: 0.030329 ms MarkObjects: 1.294394 ms  DeleteObjects: 0.012337 ms)

========================================================================
Received Import Request.
  Time since last request: 680.143850 seconds.
  path: Assets/Scripts/Management/GameManager.cs
  artifactKey: Guid(25876f649015a20d5b1a8bff790ebfae) Importer(815301076,1909f56bfc062723c751e8b465ee728b)
Start importing Assets/Scripts/Management/GameManager.cs using Guid(25876f649015a20d5b1a8bff790ebfae) Importer(815301076,1909f56bfc062723c751e8b465ee728b)  -> (artifact id: '05167f223f04cbdaa72a7e6644033a83') in 0.003795 seconds
  Import took 0.015626 seconds .

========================================================================
Received Prepare
Registering precompiled user dll's ...
Registered in 0.002170 seconds.
Begin MonoManager ReloadAssembly
Native extension for WindowsStandalone target not found
Refreshing native plugins compatible for Editor in 0.47 ms, found 0 plugins.
Preloading 0 native plugins for Editor in 0.00 ms.
Mono: successfully reloaded assembly
- Completed reload, in  1.261 seconds
Platform modules already initialized, skipping
Refreshing native plugins compatible for Editor in 0.35 ms, found 0 plugins.
Preloading 0 native plugins for Editor in 0.00 ms.
Unloading 1153 Unused Serialized files (Serialized files now loaded: 0)
System memory in use before: 65.4 MB.
System memory in use after: 65.4 MB.

Unloading 7 unused Assets to reduce memory usage. Loaded Objects now: 1635.
Total: 3.505350 ms (FindLiveObjects: 0.332594 ms CreateObjectMapping: 0.149590 ms MarkObjects: 2.989238 ms  DeleteObjects: 0.031357 ms)

========================================================================
Received Prepare
Registering precompiled user dll's ...
Registered in 0.002185 seconds.
Begin MonoManager ReloadAssembly
Native extension for WindowsStandalone target not found
Refreshing native plugins compatible for Editor in 0.27 ms, found 0 plugins.
Preloading 0 native plugins for Editor in 0.00 ms.
Mono: successfully reloaded assembly
- Completed reload, in  0.733 seconds
Platform modules already initialized, skipping
Refreshing native plugins compatible for Editor in 0.28 ms, found 0 plugins.
Preloading 0 native plugins for Editor in 0.00 ms.
Unloading 1153 Unused Serialized files (Serialized files now loaded: 0)
System memory in use before: 65.4 MB.
System memory in use after: 65.5 MB.

Unloading 7 unused Assets to reduce memory usage. Loaded Objects now: 1638.
Total: 1.508241 ms (FindLiveObjects: 0.117205 ms CreateObjectMapping: 0.029815 ms MarkObjects: 1.348370 ms  DeleteObjects: 0.012337 ms)

========================================================================
Received Prepare
Registering precompiled user dll's ...
Registered in 0.003460 seconds.
Begin MonoManager ReloadAssembly
Native extension for WindowsStandalone target not found
Refreshing native plugins compatible for Editor in 0.27 ms, found 0 plugins.
Preloading 0 native plugins for Editor in 0.00 ms.
Mono: successfully reloaded assembly
- Completed reload, in  0.865 seconds
Platform modules already initialized, skipping
Refreshing native plugins compatible for Editor in 0.33 ms, found 0 plugins.
Preloading 0 native plugins for Editor in 0.00 ms.
Unloading 1153 Unused Serialized files (Serialized files now loaded: 0)
System memory in use before: 65.4 MB.
System memory in use after: 65.5 MB.

Unloading 7 unused Assets to reduce memory usage. Loaded Objects now: 1641.
Total: 2.136932 ms (FindLiveObjects: 0.142394 ms CreateObjectMapping: 0.037526 ms MarkObjects: 1.932852 ms  DeleteObjects: 0.022618 ms)

========================================================================
Received Import Request.
  Time since last request: 491.178496 seconds.
  path: Assets/Scripts/Management/GameManager.cs
  artifactKey: Guid(25876f649015a20d5b1a8bff790ebfae) Importer(815301076,1909f56bfc062723c751e8b465ee728b)
Start importing Assets/Scripts/Management/GameManager.cs using Guid(25876f649015a20d5b1a8bff790ebfae) Importer(815301076,1909f56bfc062723c751e8b465ee728b)  -> (artifact id: '775b601cded2c2b1f327d3b8c3ca11ce') in 0.005155 seconds
  Import took 0.017241 seconds .

========================================================================
Received Import Request.
  Time since last request: 0.014778 seconds.
  path: Assets/Scripts/Management/GameManager.cs
  artifactKey: Guid(25876f649015a20d5b1a8bff790ebfae) Importer(815301076,1909f56bfc062723c751e8b465ee728b)
Start importing Assets/Scripts/Management/GameManager.cs using Guid(25876f649015a20d5b1a8bff790ebfae) Importer(815301076,1909f56bfc062723c751e8b465ee728b)  -> (artifact id: '775b601cded2c2b1f327d3b8c3ca11ce') in 0.002835 seconds
  Import took 0.005206 seconds .

========================================================================
Received Prepare
Registering precompiled user dll's ...
Registered in 0.002429 seconds.
Begin MonoManager ReloadAssembly
Native extension for WindowsStandalone target not found
Refreshing native plugins compatible for Editor in 0.26 ms, found 0 plugins.
Preloading 0 native plugins for Editor in 0.00 ms.
Mono: successfully reloaded assembly
- Completed reload, in  0.707 seconds
Platform modules already initialized, skipping
Refreshing native plugins compatible for Editor in 0.28 ms, found 0 plugins.
Preloading 0 native plugins for Editor in 0.00 ms.
Unloading 1153 Unused Serialized files (Serialized files now loaded: 0)
System memory in use before: 65.4 MB.
System memory in use after: 65.5 MB.

Unloading 7 unused Assets to reduce memory usage. Loaded Objects now: 1644.
Total: 1.805880 ms (FindLiveObjects: 0.167068 ms CreateObjectMapping: 0.030329 ms MarkObjects: 1.594089 ms  DeleteObjects: 0.013880 ms)

========================================================================
Received Import Request.
  Time since last request: 17.621742 seconds.
  path: Assets/Scripts/Management/ButtonManager.cs
  artifactKey: Guid(b81b58ee72119f3da970e1d4d22184ef) Importer(815301076,1909f56bfc062723c751e8b465ee728b)
Start importing Assets/Scripts/Management/ButtonManager.cs using Guid(b81b58ee72119f3da970e1d4d22184ef) Importer(815301076,1909f56bfc062723c751e8b465ee728b)  -> (artifact id: '079360a595e2e68e11a31f6714c7b4fa') in 0.004284 seconds
  Import took 0.006045 seconds .

========================================================================
Received Import Request.
  Time since last request: 11.726663 seconds.
  path: Assets/Scripts/Management
  artifactKey: Guid(418acffce1246a846a0027385b0930a4) Importer(815301076,1909f56bfc062723c751e8b465ee728b)
Start importing Assets/Scripts/Management using Guid(418acffce1246a846a0027385b0930a4) Importer(815301076,1909f56bfc062723c751e8b465ee728b)  -> (artifact id: 'ffe17b5e60b3be335f44a7b7862cdd58') in 0.008313 seconds
  Import took 0.020307 seconds .

========================================================================
Received Import Request.
  Time since last request: 0.697883 seconds.
  path: Assets/Scripts/Enemy/Finite_State_Machine/SkeletonBehaviour.cs
  artifactKey: Guid(0dd540b7a8f908a539dad5c64b7037b1) Importer(815301076,1909f56bfc062723c751e8b465ee728b)
Start importing Assets/Scripts/Enemy/Finite_State_Machine/SkeletonBehaviour.cs using Guid(0dd540b7a8f908a539dad5c64b7037b1) Importer(815301076,1909f56bfc062723c751e8b465ee728b)  -> (artifact id: 'ace658b5673f0010073cfa8fd4aac1b2') in 0.009276 seconds
  Import took 0.022253 seconds .

========================================================================
Received Prepare
Registering precompiled user dll's ...
Registered in 0.002244 seconds.
Begin MonoManager ReloadAssembly
Native extension for WindowsStandalone target not found
Refreshing native plugins compatible for Editor in 0.25 ms, found 0 plugins.
Preloading 0 native plugins for Editor in 0.00 ms.
Mono: successfully reloaded assembly
- Completed reload, in  0.669 seconds
Platform modules already initialized, skipping
Refreshing native plugins compatible for Editor in 0.25 ms, found 0 plugins.
Preloading 0 native plugins for Editor in 0.00 ms.
Unloading 1153 Unused Serialized files (Serialized files now loaded: 0)
System memory in use before: 65.4 MB.
System memory in use after: 65.5 MB.

Unloading 7 unused Assets to reduce memory usage. Loaded Objects now: 1647.
Total: 2.506025 ms (FindLiveObjects: 0.154731 ms CreateObjectMapping: 0.034442 ms MarkObjects: 2.294748 ms  DeleteObjects: 0.019534 ms)

========================================================================
Received Prepare
Registering precompiled user dll's ...
Registered in 0.001787 seconds.
Begin MonoManager ReloadAssembly
Native extension for WindowsStandalone target not found
Refreshing native plugins compatible for Editor in 0.28 ms, found 0 plugins.
Preloading 0 native plugins for Editor in 0.00 ms.
Mono: successfully reloaded assembly
- Completed reload, in  0.719 seconds
Platform modules already initialized, skipping
Refreshing native plugins compatible for Editor in 0.27 ms, found 0 plugins.
Preloading 0 native plugins for Editor in 0.00 ms.
Unloading 1153 Unused Serialized files (Serialized files now loaded: 0)
System memory in use before: 65.4 MB.
System memory in use after: 65.5 MB.

Unloading 7 unused Assets to reduce memory usage. Loaded Objects now: 1650.
Total: 1.813591 ms (FindLiveObjects: 0.145992 ms CreateObjectMapping: 0.034956 ms MarkObjects: 1.617221 ms  DeleteObjects: 0.013880 ms)

========================================================================
Received Import Request.
  Time since last request: 144.181609 seconds.
  path: Assets/_Scenes/StartScene.unity
  artifactKey: Guid(1793f5b0d92db4d418c1c3bf404a32fc) Importer(815301076,1909f56bfc062723c751e8b465ee728b)
Start importing Assets/_Scenes/StartScene.unity using Guid(1793f5b0d92db4d418c1c3bf404a32fc) Importer(815301076,1909f56bfc062723c751e8b465ee728b)  -> (artifact id: 'f77dc2f4e5a68403b042b5ed0edaa205') in 0.026120 seconds
  Import took 0.038470 seconds .

========================================================================
Received Import Request.
  Time since last request: 1.084814 seconds.
  path: Assets/_Scenes/MainMenu.unity
  artifactKey: Guid(b05727464c8af744ba0dbf71ec48f37c) Importer(815301076,1909f56bfc062723c751e8b465ee728b)
Start importing Assets/_Scenes/MainMenu.unity using Guid(b05727464c8af744ba0dbf71ec48f37c) Importer(815301076,1909f56bfc062723c751e8b465ee728b)  -> (artifact id: '3d52607bbbf5eeaa8d1c2f8c68f0d9a6') in 0.003442 seconds
  Import took 0.005720 seconds .

========================================================================
Received Import Request.
  Time since last request: 211.698134 seconds.
  path: Assets/_Scenes/MainMenu.unity
  artifactKey: Guid(b05727464c8af744ba0dbf71ec48f37c) Importer(815301076,1909f56bfc062723c751e8b465ee728b)
Start importing Assets/_Scenes/MainMenu.unity using Guid(b05727464c8af744ba0dbf71ec48f37c) Importer(815301076,1909f56bfc062723c751e8b465ee728b)  -> (artifact id: '39abf67f04364dc135c346acd639a400') in 0.003221 seconds
  Import took 0.015221 seconds .

========================================================================
Received Prepare
Registering precompiled user dll's ...
Registered in 0.001901 seconds.
Begin MonoManager ReloadAssembly
Native extension for WindowsStandalone target not found
Refreshing native plugins compatible for Editor in 0.28 ms, found 0 plugins.
Preloading 0 native plugins for Editor in 0.00 ms.
Mono: successfully reloaded assembly
- Completed reload, in  0.697 seconds
Platform modules already initialized, skipping
Refreshing native plugins compatible for Editor in 0.31 ms, found 0 plugins.
Preloading 0 native plugins for Editor in 0.00 ms.
Unloading 1153 Unused Serialized files (Serialized files now loaded: 0)
System memory in use before: 65.4 MB.
System memory in use after: 65.5 MB.

Unloading 7 unused Assets to reduce memory usage. Loaded Objects now: 1653.
Total: 1.612595 ms (FindLiveObjects: 0.123374 ms CreateObjectMapping: 0.029815 ms MarkObjects: 1.445526 ms  DeleteObjects: 0.012337 ms)

AssetImportWorkerClient::OnTransportError - code=2 error=End of file
